<?xml version="1.0" encoding="utf-8"?><testsuites><testsuite name="pytest" errors="0" failures="0" skipped="0" tests="19" time="0.965" timestamp="2026-08-05T12:08:51.533945+08:00" hostname="DESKTOP-I3SP0PA"><testcase classname="testcase.Business interface.test_business_scenario.TestEBusinessScenario" name="test_business_scenario[case_info0]" time="0.069" /><testcase classname="testcase.Business interface.test_business_scenario.TestEBusinessScenario" name="test_business_scenario[case_info1]" time="0.041" /><testcase classname="testcase.Business interface.test_business_scenario.TestEBusinessScenario" name="test_business_scenario[case_info2]" time="0.060" /><testcase classname="testcase.Business interface.test_business_scenario.TestEBusinessScenario" name="test_business_scenario[case_info3]" time="0.052" /><testcase classname="testcase.Business interface.test_business_scenario.TestEBusinessScenario" name="test_business_scenario[case_info4]" time="0.048" /><testcase classname="testcase.ProductManager.test_productList.TestLogin" name="test_get_product_list[base_info0-testcase0]" time="0.042" /><testcase classname="testcase.ProductManager.test_productList.TestLogin" name="test_get_product_detail[base_info0-testcase0]" time="0.027" /><testcase classname="testcase.ProductManager.test_productList.TestLogin" name="test_commit_order[base_info0-testcase0]" time="0.031" /><testcase classname="testcase.ProductManager.test_productList.TestLogin" name="test_order_pay[base_info0-testcase0]" time="0.046" /><testcase classname="testcase.Single interface.test_debug_api.TestUserManager" name="test_add_user[base_info0-testcase0]" time="0.040" /><testcase classname="testcase.Single interface.test_debug_api.TestUserManager" name="test_add_user[base_info1-testcase1]" time="0.025" /><testcase classname="testcase.Single interface.test_debug_api.TestUserManager" name="test_add_user[base_info2-testcase2]" time="0.039" /><testcase classname="testcase.Single interface.test_debug_api.TestUserManager" name="test_add_user[base_info3-testcase3]" time="0.040" /><testcase classname="testcase.Single interface.test_debug_api.TestUserManager" name="test_update_user[base_info0-testcase0]" time="0.021" /><testcase classname="testcase.Single interface.test_debug_api.TestUserManager" name="test_delete_user[base_info0-testcase0]" time="0.033" /><testcase classname="testcase.Single interface.test_debug_api.TestUserManager" name="test_delete_user[base_info1-testcase1]" time="0.043" /><testcase classname="testcase.Single interface.test_debug_api.TestUserManager" name="test_delete_user[base_info2-testcase2]" time="0.022" /><testcase classname="testcase.Single interface.test_debug_api.TestUserManager" name="test_delete_user[base_info3-testcase3]" time="0.045" /><testcase classname="testcase.Single interface.test_debug_api.TestUserManager" name="test_query_user[base_info0-testcase0]" time="0.049" /></testsuite></testsuites>